2025-10-02 15:55:27,239 - app.api.history - INFO - Buscando dados no MT5 para WDOV25 de 2025-10-02 09:00:00+00:00 a 2025-10-02 21:30:00+00:00...
2025-10-02 15:55:27,240 - app.api.history - WARNING - Nenhum dado retornado do MT5. Erro: (-1, 'Terminal: Call failed')
2025-10-02 15:57:08,750 - app.api.history - INFO - Buscando dados no MT5 para WDO$ de 2025-10-02 09:00:00+00:00 a 2025-10-02 21:30:00+00:00...
2025-10-02 15:59:07,756 - app.api.history - INFO - Buscando dados no MT5 para WDO$ de 2025-10-02 09:00:00+00:00 a 2025-10-02 21:30:00+00:00...
2025-10-02 15:59:50,000 - app.api.history - INFO - Buscando dados no MT5 para WDO$ de 2025-09-29 09:00:00+00:00 a 2025-09-29 21:30:00+00:00...
2025-10-02 16:20:03,213 - app.api.history - INFO - Buscando dados no MT5 para WDO$N de 2025-10-02 09:00:00+00:00 a 2025-10-02 21:30:00+00:00...
2025-10-02 16:20:26,984 - app.api.history - INFO - Buscando dados no MT5 para WDO$N de 2025-09-29 09:00:00+00:00 a 2025-09-29 21:30:00+00:00...
2025-10-02 16:21:23,089 - app.api.history - INFO - Buscando dados no MT5 para WDO$N de 2025-10-02 09:00:00+00:00 a 2025-10-02 21:30:00+00:00...
2025-10-02 16:21:32,688 - app.api.history - INFO - Buscando dados no MT5 para WDO$N de 2025-10-02 09:00:00+00:00 a 2025-10-02 21:30:00+00:00...
2025-10-02 16:21:42,630 - app.api.history - INFO - Buscando dados no MT5 para WDO$N de 2025-09-29 09:00:00+00:00 a 2025-10-02 21:30:00+00:00...
2025-10-02 16:27:24,033 - app.api.history - INFO - Buscando dados no MT5 para WDO$N de 2025-10-02 09:00:00+00:00 a 2025-10-02 21:30:00+00:00...
2025-10-02 16:27:37,972 - app.api.history - INFO - Buscando dados no MT5 para WDO$N de 2025-09-29 09:00:00+00:00 a 2025-09-29 21:30:00+00:00...
<<<<<<< Updated upstream
2025-10-02 16:30:20,073 - app.api.history - INFO - Buscando dados no MT5 para WDOV25 de 2025-10-02 09:00:00+00:00 a 2025-10-02 21:30:00+00:00...
2025-10-02 16:30:20,074 - app.api.history - WARNING - Nenhum dado retornado do MT5. Erro: (-1, 'Terminal: Call failed')
=======
>>>>>>> Stashed changes
2025-10-02 16:43:22,328 - app.api.history - INFO - Buscando dados no MT5 para WDO$N de 2025-10-02 09:00:00+00:00 a 2025-10-02 21:30:00+00:00...
2025-10-02 16:43:43,203 - app.api.history - INFO - Buscando dados no MT5 para WDO$N de 2025-09-29 09:00:00+00:00 a 2025-09-29 21:30:00+00:00...
2025-10-02 16:44:56,963 - app.api.history - INFO - Buscando dados no MT5 para WDO$N de 2025-10-02 09:00:00+00:00 a 2025-10-02 21:30:00+00:00...
2025-10-02 16:45:04,257 - app.api.history - INFO - Buscando dados no MT5 para WDO$N de 2025-09-29 09:00:00+00:00 a 2025-09-29 21:30:00+00:00...
2025-10-02 16:47:05,107 - app.api.history - INFO - Buscando dados no MT5 para WDO$N de 2025-10-02 09:00:00+00:00 a 2025-10-02 21:30:00+00:00...
2025-10-02 16:47:22,464 - app.api.history - INFO - Buscando dados no MT5 para WDO$N de 2025-09-29 09:00:00+00:00 a 2025-09-29 21:30:00+00:00...
2025-10-02 16:48:31,460 - app.api.history - INFO - Buscando dados no MT5 para WDO$N de 2025-10-02 09:00:00+00:00 a 2025-10-02 21:30:00+00:00...
2025-10-02 16:50:31,897 - app.api.history - INFO - Buscando dados no MT5 para WDO$N de 2025-10-02 09:00:00+00:00 a 2025-10-02 21:30:00+00:00...
2025-10-02 16:51:26,817 - app.api.history - INFO - Buscando dados no MT5 para WDO$N de 2025-10-02 09:00:00+00:00 a 2025-10-02 21:30:00+00:00...
2025-10-02 16:52:22,565 - app.api.history - INFO - Buscando dados no MT5 para WDO$N de 2025-10-02 09:00:00+00:00 a 2025-10-02 21:30:00+00:00...
2025-10-02 16:55:48,477 - app.api.history - INFO - Buscando dados no MT5 para WDO$N de 2025-10-02 09:00:00+00:00 a 2025-10-02 21:30:00+00:00...
2025-10-02 16:58:24,272 - app.api.history - INFO - Buscando dados no MT5 para WDO$N de 2025-10-02 09:00:00+00:00 a 2025-10-02 21:30:00+00:00...
2025-10-02 16:59:54,507 - app.api.history - INFO - Buscando dados no MT5 para WDO$N de 2025-10-02 09:00:00+00:00 a 2025-10-02 21:30:00+00:00...
2025-10-02 17:00:30,395 - app.api.history - INFO - Buscando dados no MT5 para WDO$N de 2025-10-02 09:00:00+00:00 a 2025-10-02 21:30:00+00:00...
2025-10-02 17:00:51,794 - app.api.history - INFO - Buscando dados no MT5 para WDO$N de 2025-10-02 09:00:00+00:00 a 2025-10-02 21:30:00+00:00...
2025-10-02 17:02:39,913 - app.api.history - INFO - Buscando dados no MT5 para WDO$N de 2025-10-02 09:00:00+00:00 a 2025-10-02 21:30:00+00:00...
